*******************************************************************************************************
NEW LOGGING SESSION STARTED
*******************************************************************************************************
----------------------------------------------------
jl::ServerSocket::Initialize
New server session -- starting Initialization
----------------------------------------------------
----------------------------------------------------
jl::ServerSocket::Initialize
Initialization successfully completed
----------------------------------------------------
----------------------------------------------------
jl::ServerSocket::AcceptConnections
Server is now excepting connections
----------------------------------------------------
----------------------------------------------------
jl::ServerSocket::acceptingManager
A blocking operation was interrupted by a call to WSACancelBlockingCall.

----------------------------------------------------
----------------------------------------------------
jl::ServerSocket::CloseSocket
Closing server session
----------------------------------------------------
*******************************************************************************************************
NEW LOGGING SESSION STARTED
*******************************************************************************************************
----------------------------------------------------
jl::ServerSocket::Initialize
New server session -- starting Initialization
----------------------------------------------------
----------------------------------------------------
jl::ServerSocket::Initialize
Initialization successfully completed
----------------------------------------------------
----------------------------------------------------
jl::ServerSocket::acceptingManager
Either the application has not called WSAStartup, or WSAStartup failed.

----------------------------------------------------
----------------------------------------------------
jl::ServerSocket::CloseSocket
Closing server session
----------------------------------------------------
*******************************************************************************************************
NEW LOGGING SESSION STARTED
*******************************************************************************************************
----------------------------------------------------
jl::ServerSocket::Initialize
New server session -- starting Initialization
----------------------------------------------------
----------------------------------------------------
jl::ServerSocket::Initialize
Initialization successfully completed
----------------------------------------------------
----------------------------------------------------
jl::ServerSocket::AcceptConnections
Server is now excepting connections
----------------------------------------------------
----------------------------------------------------
jl::ServerSocket::clientManager
New client connection
	127.0.0.1:42952[144]
----------------------------------------------------
----------------------------------------------------
jl::ServerSocket::clientWorker
Packet received from client: 127.0.0.1:42952[144]
	hello there

	Bytes: 12
----------------------------------------------------
----------------------------------------------------
jl::ServerSocket::clientWorker
Packet received from client: 127.0.0.1:42952[144]
	Why you not talk back to me!!

	Bytes: 30
----------------------------------------------------
----------------------------------------------------
jl::ServerSocket::clientWorker
Packet received from client: 127.0.0.1:42952[144]
	exit

	Bytes: 5
----------------------------------------------------
----------------------------------------------------
jl::ServerSocket::clientWorker
Client disconnected
	127.0.0.1:42952[144]
----------------------------------------------------
----------------------------------------------------
jl::ServerSocket::acceptingManager
A blocking operation was interrupted by a call to WSACancelBlockingCall.

----------------------------------------------------
----------------------------------------------------
jl::ServerSocket::CloseSocket
Closing server session
----------------------------------------------------
